<?xml version="1.0" encoding="UTF-8"?>
<testng-results ignored="0" total="1" passed="1" failed="0" skipped="0">
  <reporter-output>
    <line>
      <![CDATA[[[ChromeDriver: chrome on windows (e3ef7042011ac36857714cfb73fe73f1)] -> xpath: //a[text()='Login']]<---------> is Displayed, true<br>]]>
    </line>
    <line>
      <![CDATA[Sleeping ... zZz 4000<br>]]>
    </line>
    <line>
      <![CDATA[[[ChromeDriver: chrome on windows (e3ef7042011ac36857714cfb73fe73f1)] -> xpath: //input[@name='username']]<---------> is Displayed, true<br>]]>
    </line>
    <line>
      <![CDATA[shhnzaktr@gmail.com <-----> has been put into <-----> [[ChromeDriver: chrome on windows (e3ef7042011ac36857714cfb73fe73f1)] -> xpath: //input[@name='username']]<br>]]>
    </line>
    <line>
      <![CDATA[[[ChromeDriver: chrome on windows (e3ef7042011ac36857714cfb73fe73f1)] -> xpath: //input[@name='password']]<---------> is Displayed, true<br>]]>
    </line>
    <line>
      <![CDATA[Allah@12 <-----> has been put into <-----> [[ChromeDriver: chrome on windows (e3ef7042011ac36857714cfb73fe73f1)] -> xpath: //input[@name='password']]<br>]]>
    </line>
    <line>
      <![CDATA[[[ChromeDriver: chrome on windows (e3ef7042011ac36857714cfb73fe73f1)] -> css selector: input.btn.btn-lg.px-5]<---------> is Enabled, true<br>]]>
    </line>
    <line>
      <![CDATA[Proxy element for: DefaultElementLocator 'By.cssSelector: input.btn.btn-lg.px-5'<-------> has been clicked<br>]]>
    </line>
    <line>
      <![CDATA[Sleeping ... zZz 4000<br>]]>
    </line>
  </reporter-output>
  <suite started-at="2024-08-11T20:44:22 EDT" name="Default suite" finished-at="2024-08-11T20:45:05 EDT" duration-ms="43013">
    <groups>
    </groups>
    <test started-at="2024-08-11T20:44:22 EDT" name="Default test" finished-at="2024-08-11T20:45:05 EDT" duration-ms="43013">
      <class name="pagesTest.HomePageTest">
        <test-method is-config="true" signature="initialReporting()[pri:0, instance:pagesTest.HomePageTest@72c8e7b]" started-at="2024-08-11T20:44:22 EDT" name="initialReporting" finished-at="2024-08-11T20:44:22 EDT" duration-ms="328" status="PASS">
          <reporter-output>
          </reporter-output>
        </test-method> <!-- initialReporting -->
        <test-method is-config="true" signature="initialTest(java.lang.reflect.Method)[pri:0, instance:pagesTest.HomePageTest@72c8e7b]" started-at="2024-08-11T20:44:23 EDT" name="initialTest" finished-at="2024-08-11T20:44:23 EDT" duration-ms="25" status="PASS">
          <params>
            <param index="0">
              <value>
                <![CDATA[public void pagesTest.HomePageTest.clickLoginButtonTest() throws java.lang.InterruptedException]]>
              </value>
            </param>
          </params>
          <reporter-output>
          </reporter-output>
        </test-method> <!-- initialTest -->
        <test-method is-config="true" signature="setUp()[pri:0, instance:pagesTest.HomePageTest@72c8e7b]" started-at="2024-08-11T20:44:23 EDT" name="setUp" finished-at="2024-08-11T20:44:32 EDT" duration-ms="9694" status="PASS">
          <reporter-output>
          </reporter-output>
        </test-method> <!-- setUp -->
        <test-method signature="clickLoginButtonTest()[pri:0, instance:pagesTest.HomePageTest@72c8e7b]" started-at="2024-08-11T20:44:32 EDT" name="clickLoginButtonTest" finished-at="2024-08-11T20:45:05 EDT" duration-ms="32846" status="PASS">
          <reporter-output>
            <line>
              <![CDATA[[[ChromeDriver: chrome on windows (e3ef7042011ac36857714cfb73fe73f1)] -> xpath: //a[text()='Login']]<---------> is Displayed, true<br>]]>
            </line>
            <line>
              <![CDATA[Sleeping ... zZz 4000<br>]]>
            </line>
            <line>
              <![CDATA[[[ChromeDriver: chrome on windows (e3ef7042011ac36857714cfb73fe73f1)] -> xpath: //input[@name='username']]<---------> is Displayed, true<br>]]>
            </line>
            <line>
              <![CDATA[shhnzaktr@gmail.com <-----> has been put into <-----> [[ChromeDriver: chrome on windows (e3ef7042011ac36857714cfb73fe73f1)] -> xpath: //input[@name='username']]<br>]]>
            </line>
            <line>
              <![CDATA[[[ChromeDriver: chrome on windows (e3ef7042011ac36857714cfb73fe73f1)] -> xpath: //input[@name='password']]<---------> is Displayed, true<br>]]>
            </line>
            <line>
              <![CDATA[Allah@12 <-----> has been put into <-----> [[ChromeDriver: chrome on windows (e3ef7042011ac36857714cfb73fe73f1)] -> xpath: //input[@name='password']]<br>]]>
            </line>
            <line>
              <![CDATA[[[ChromeDriver: chrome on windows (e3ef7042011ac36857714cfb73fe73f1)] -> css selector: input.btn.btn-lg.px-5]<---------> is Enabled, true<br>]]>
            </line>
            <line>
              <![CDATA[Proxy element for: DefaultElementLocator 'By.cssSelector: input.btn.btn-lg.px-5'<-------> has been clicked<br>]]>
            </line>
            <line>
              <![CDATA[Sleeping ... zZz 4000<br>]]>
            </line>
          </reporter-output>
        </test-method> <!-- clickLoginButtonTest -->
        <test-method is-config="true" signature="afterEachTest(java.lang.reflect.Method,org.testng.ITestResult)[pri:0, instance:pagesTest.HomePageTest@72c8e7b]" started-at="2024-08-11T20:45:05 EDT" name="afterEachTest" finished-at="2024-08-11T20:45:05 EDT" duration-ms="2" status="PASS">
          <params>
            <param index="0">
              <value>
                <![CDATA[public void pagesTest.HomePageTest.clickLoginButtonTest() throws java.lang.InterruptedException]]>
              </value>
            </param>
            <param index="1">
              <value>
                <![CDATA[[TestResult name=clickLoginButtonTest status=SUCCESS method=HomePageTest.clickLoginButtonTest()[pri:0, instance:pagesTest.HomePageTest@72c8e7b] output=[[ChromeDriver: chrome on windows (e3ef7042011ac36857714cfb73fe73f1)] -> xpath: //a[text()='Login']]<---------> is Displayed, true<br>]]]>
              </value>
            </param>
          </params>
          <reporter-output>
          </reporter-output>
        </test-method> <!-- afterEachTest -->
        <test-method is-config="true" signature="tearUp()[pri:0, instance:pagesTest.HomePageTest@72c8e7b]" started-at="2024-08-11T20:45:05 EDT" name="tearUp" finished-at="2024-08-11T20:45:05 EDT" duration-ms="343" status="PASS">
          <reporter-output>
          </reporter-output>
        </test-method> <!-- tearUp -->
        <test-method is-config="true" signature="publishReport()[pri:0, instance:pagesTest.HomePageTest@72c8e7b]" started-at="2024-08-11T20:45:05 EDT" name="publishReport" finished-at="2024-08-11T20:45:06 EDT" duration-ms="388" status="PASS">
          <reporter-output>
          </reporter-output>
        </test-method> <!-- publishReport -->
      </class> <!-- pagesTest.HomePageTest -->
    </test> <!-- Default test -->
  </suite> <!-- Default suite -->
</testng-results>
